This file contains any messages produced by compilers while
running configure, to aid debugging if configure makes a mistake.

It was created by GNU C Library configure (see version.h), which was
generated by GNU Autoconf 2.69.  Invocation command line was

  $ ../configure --prefix=/usr --libdir=/usr/lib64 --enable-kernel=2.6.32 --with-headers=/usr/include --enable-add-ons --enable-obsolete-rpc --enable-profile --infodir=/usr/info --mandir=/usr/man --with-tls --with-__thread --without-cvs x86_64-slackware-linux

## --------- ##
## Platform. ##
## --------- ##

hostname = a2369602b19d
uname -m = x86_64
uname -r = 4.4.74
uname -s = Linux
uname -v = #2 SMP Mon Jun 26 02:44:52 CDT 2017

/usr/bin/uname -p = Intel(R) Core(TM)2 Quad CPU    Q8300  @ 2.50GHz
/bin/uname -X     = unknown

/bin/arch              = unknown
/usr/bin/arch -k       = unknown
/usr/convex/getsysinfo = unknown
/usr/bin/hostinfo      = unknown
/bin/machine           = unknown
/usr/bin/oslevel       = unknown
/bin/universe          = unknown

PATH: /sbin
PATH: /usr/sbin
PATH: /bin
PATH: /usr/bin
PATH: /usr/local/bin
PATH: /opt/bin
PATH: /usr/X11/bin
PATH: /usr/local/games
PATH: /usr/games
PATH: /usr/local/sbin
PATH: /usr/sbin
PATH: /sbin


## ----------- ##
## Core tests. ##
## ----------- ##

configure:2204: checking build system type
configure:2218: result: x86_64-slackware-linux-gnu
configure:2238: checking host system type
configure:2251: result: x86_64-slackware-linux-gnu
configure:2280: checking for x86_64-slackware-linux-gcc
configure:2310: result: no
configure:2320: checking for gcc
configure:2336: found /usr/bin/gcc
configure:2347: result: gcc
configure:2576: checking for C compiler version
configure:2585: gcc --version >&5
gcc (GCC) 6.1.0
Copyright (C) 2016 Free Software Foundation, Inc.
This is free software; see the source for copying conditions.  There is NO
warranty; not even for MERCHANTABILITY or FITNESS FOR A PARTICULAR PURPOSE.

configure:2596: $? = 0
configure:2585: gcc -v >&5
Reading specs from /usr/lib64/gcc/x86_64-vlocity-linux/6.1.0/specs
COLLECT_GCC=gcc
COLLECT_LTO_WRAPPER=/usr/libexec/gcc/x86_64-vlocity-linux/6.1.0/lto-wrapper
Target: x86_64-vlocity-linux
Configured with: ../gcc-6.1.0/configure --prefix=/usr --libdir=/usr/lib64 --enable-shared --enable-bootstrap --enable-languages=c,c++,fortran,go,java --enable-threads=posix --enable-checking=release --enable-objc-gc --with-system-zlib --with-python-dir=/lib/64/python2.7/site-packages --enable-libstdcxx-dual-abi --with-default-libstdcxx-abi=gcc4-compatible --disable-libunwind-exceptions --enable-__cxa_atexit --enable-libssp --enable-lto --disable-install-libbiberty --with-gnu-ld --verbose --enable-java-home --with-java-home=/usr/lib64/jvm/jre --with-jvm-root-dir=/usr/lib64/jvm --with-jvm-jar-dir=/usr/lib64/jvm/jvm-exports --with-arch-directory=amd64 --enable-java-awk=gtk --disable-gtktest --disable-multilib --target=x86_64-vlocity-linux --build=x86_64-vlocity-linux --host=x86_64-vlocity-linux
Thread model: posix
gcc version 6.1.0 (GCC) 
configure:2596: $? = 0
configure:2585: gcc -V >&5
gcc: error: unrecognized command line option '-V'
gcc: fatal error: no input files
compilation terminated.
configure:2596: $? = 1
configure:2585: gcc -qversion >&5
gcc: error: unrecognized command line option '-qversion'; did you mean '--version'?
gcc: fatal error: no input files
compilation terminated.
configure:2596: $? = 1
configure:2601: checking for suffix of object files
configure:2623: gcc -c -g -O3 -fPIC  conftest.c >&5
configure:2627: $? = 0
configure:2648: result: o
configure:2652: checking whether we are using the GNU C compiler
configure:2671: gcc -c -g -O3 -fPIC  conftest.c >&5
configure:2671: $? = 0
configure:2680: result: yes
configure:2689: checking whether gcc accepts -g
configure:2709: gcc -c -g  conftest.c >&5
configure:2709: $? = 0
configure:2750: result: yes
configure:2830: checking for x86_64-slackware-linux-readelf
configure:2860: result: no
configure:2870: checking for readelf
configure:2886: found /usr/bin/readelf
configure:2897: result: readelf
configure:2935: checking for x86_64-slackware-linux-g++
configure:2965: result: no
configure:2935: checking for x86_64-slackware-linux-c++
configure:2965: result: no
configure:2935: checking for x86_64-slackware-linux-gpp
configure:2965: result: no
configure:2935: checking for x86_64-slackware-linux-aCC
configure:2965: result: no
configure:2935: checking for x86_64-slackware-linux-CC
configure:2965: result: no
configure:2935: checking for x86_64-slackware-linux-cxx
configure:2965: result: no
configure:2935: checking for x86_64-slackware-linux-cc++
configure:2965: result: no
configure:2935: checking for x86_64-slackware-linux-cl.exe
configure:2965: result: no
configure:2935: checking for x86_64-slackware-linux-FCC
configure:2965: result: no
configure:2935: checking for x86_64-slackware-linux-KCC
configure:2965: result: no
configure:2935: checking for x86_64-slackware-linux-RCC
configure:2965: result: no
configure:2935: checking for x86_64-slackware-linux-xlC_r
configure:2965: result: no
configure:2935: checking for x86_64-slackware-linux-xlC
configure:2965: result: no
configure:2979: checking for g++
configure:2995: found /usr/bin/g++
configure:3006: result: g++
configure:3033: checking for C++ compiler version
configure:3042: g++ --version >&5
g++ (GCC) 6.1.0
Copyright (C) 2016 Free Software Foundation, Inc.
This is free software; see the source for copying conditions.  There is NO
warranty; not even for MERCHANTABILITY or FITNESS FOR A PARTICULAR PURPOSE.

configure:3053: $? = 0
configure:3042: g++ -v >&5
Reading specs from /usr/lib64/gcc/x86_64-vlocity-linux/6.1.0/specs
COLLECT_GCC=g++
COLLECT_LTO_WRAPPER=/usr/libexec/gcc/x86_64-vlocity-linux/6.1.0/lto-wrapper
Target: x86_64-vlocity-linux
Configured with: ../gcc-6.1.0/configure --prefix=/usr --libdir=/usr/lib64 --enable-shared --enable-bootstrap --enable-languages=c,c++,fortran,go,java --enable-threads=posix --enable-checking=release --enable-objc-gc --with-system-zlib --with-python-dir=/lib/64/python2.7/site-packages --enable-libstdcxx-dual-abi --with-default-libstdcxx-abi=gcc4-compatible --disable-libunwind-exceptions --enable-__cxa_atexit --enable-libssp --enable-lto --disable-install-libbiberty --with-gnu-ld --verbose --enable-java-home --with-java-home=/usr/lib64/jvm/jre --with-jvm-root-dir=/usr/lib64/jvm --with-jvm-jar-dir=/usr/lib64/jvm/jvm-exports --with-arch-directory=amd64 --enable-java-awk=gtk --disable-gtktest --disable-multilib --target=x86_64-vlocity-linux --build=x86_64-vlocity-linux --host=x86_64-vlocity-linux
Thread model: posix
gcc version 6.1.0 (GCC) 
configure:3053: $? = 0
configure:3042: g++ -V >&5
g++: error: unrecognized command line option '-V'
g++: fatal error: no input files
compilation terminated.
configure:3053: $? = 1
configure:3042: g++ -qversion >&5
g++: error: unrecognized command line option '-qversion'; did you mean '--version'?
g++: fatal error: no input files
compilation terminated.
configure:3053: $? = 1
configure:3057: checking whether we are using the GNU C++ compiler
configure:3076: g++ -c   conftest.cpp >&5
configure:3076: $? = 0
configure:3085: result: yes
configure:3094: checking whether g++ accepts -g
configure:3114: g++ -c -g  conftest.cpp >&5
configure:3114: $? = 0
configure:3155: result: yes
configure:3180: checking whether g++ can link programs
configure:3203: g++ -o conftest    conftest.cpp  >&5
configure:3203: $? = 0
configure:3226: g++ -o conftest    -static conftest.cpp  >&5
configure:3226: $? = 0
configure:3241: result: yes
configure:3777: checking for sysdeps preconfigure fragments
configure:9: checking whether gcc compiles in -mx32 mode by default
configure:27: gcc -c -g -O3 -fPIC  conftest.c >&5
conftest.c:13:3: error: #error not x32
 # error not x32
   ^~~~~
configure:27: $? = 1
configure: failed program was:
| /* confdefs.h */
| #define PACKAGE_NAME "GNU C Library"
| #define PACKAGE_TARNAME "glibc"
| #define PACKAGE_VERSION "(see version.h)"
| #define PACKAGE_STRING "GNU C Library (see version.h)"
| #define PACKAGE_BUGREPORT "http://sourceware.org/bugzilla/"
| #define PACKAGE_URL "http://www.gnu.org/software/glibc/"
| #define PKGVERSION "(GNU libc) "
| #define REPORT_BUGS_TO "<http://www.gnu.org/software/libc/bugs.html>"
| #define LINK_OBSOLETE_RPC 1
| /* end confdefs.h.  */
| #ifndef __ILP32__
| # error not x32
| #endif
| int
| main ()
| {
| 
|   ;
|   return 0;
| }
configure:34: result: no
configure:3784: result: 
configure:3855: running configure fragment for add-on libidn
configure:3950: checking for -fstack-protector
configure:3956: gcc -g -O3 -fPIC  -Werror -fstack-protector -xc /dev/null -S -o /dev/null
configure:3959: $? = 0
configure:3967: result: yes
configure:3970: checking for -fstack-protector-strong
configure:3976: gcc -g -O3 -fPIC  -Werror -fstack-protector-strong -xc /dev/null -S -o /dev/null
configure:3979: $? = 0
configure:3987: result: yes
configure:3990: checking for -fstack-protector-all
configure:3996: gcc -g -O3 -fPIC  -Werror -fstack-protector-all -xc /dev/null -S -o /dev/null
configure:3999: $? = 0
configure:4007: result: yes
configure:4050: checking for assembler and linker STT_GNU_IFUNC support

Relocation section '.rela.plt' at offset 0xb0 contains 1 entries:
  Offset          Info           Type           Sym. Value    Sym. Name + Addend
0000006000e0  000000000025 R_X86_64_IRELATIV                    4000e0
configure:4081: result: yes
configure:4085: checking for gcc attribute ifunc support
configure:4111: result: yes
configure:4136: checking sysdep dirs
configure:4356: result: sysdeps/generic
configure:4433: checking for a BSD-compatible install
configure:4501: result: /bin/ginstall -c
configure:4516: checking whether ln -s works
configure:4520: result: yes
configure:4544: checking whether /usr/lib64/gcc/x86_64-vlocity-linux/6.1.0/../../../../x86_64-vlocity-linux/bin/as is GNU as
configure:4558: result: yes
configure:4563: checking whether /usr/lib64/gcc/x86_64-vlocity-linux/6.1.0/../../../../x86_64-vlocity-linux/bin/ld is GNU ld
configure:4577: result: yes
configure:4587: checking for /usr/lib64/gcc/x86_64-vlocity-linux/6.1.0/../../../../x86_64-vlocity-linux/bin/as
configure:4614: result: /usr/lib64/gcc/x86_64-vlocity-linux/6.1.0/../../../../x86_64-vlocity-linux/bin/as
configure:4629: checking version of /usr/lib64/gcc/x86_64-vlocity-linux/6.1.0/../../../../x86_64-vlocity-linux/bin/as
configure:4639: result: 2.26.20160125, ok
configure:4650: checking for /usr/lib64/gcc/x86_64-vlocity-linux/6.1.0/../../../../x86_64-vlocity-linux/bin/ld
configure:4677: result: /usr/lib64/gcc/x86_64-vlocity-linux/6.1.0/../../../../x86_64-vlocity-linux/bin/ld
configure:4692: checking version of /usr/lib64/gcc/x86_64-vlocity-linux/6.1.0/../../../../x86_64-vlocity-linux/bin/ld
configure:4702: result: 2.26.20160125, ok
configure:4716: checking for gnumake
configure:4746: result: no
configure:4716: checking for gmake
configure:4746: result: no
configure:4716: checking for make
configure:4732: found /usr/bin/make
configure:4743: result: make
configure:4758: checking version of make
configure:4768: result: 4.1, ok
configure:4780: checking for gnumsgfmt
configure:4810: result: no
configure:4780: checking for gmsgfmt
configure:4810: result: no
configure:4780: checking for msgfmt
configure:4796: found /usr/bin/msgfmt
configure:4807: result: msgfmt
configure:4822: checking version of msgfmt
configure:4832: result: 0.19.5.1, ok
configure:4843: checking for makeinfo
configure:4859: found /usr/bin/makeinfo
configure:4870: result: makeinfo
configure:4885: checking version of makeinfo
configure:4895: result: 6.0, ok
configure:4906: checking for sed
configure:4922: found /bin/sed
configure:4933: result: sed
configure:4948: checking version of sed
configure:4958: result: 4.2.2, ok
configure:4969: checking for gawk
configure:4985: found /bin/gawk
configure:4996: result: gawk
configure:5011: checking version of gawk
configure:5021: result: 4.1.1, ok
configure:5029: checking if gcc is sufficient to build libc
configure:5049: gcc -c -g -O3 -fPIC  conftest.c >&5
configure:5049: $? = 0
configure:5056: result: yes
configure:5065: checking for x86_64-slackware-linux-nm
configure:5095: result: no
configure:5105: checking for nm
configure:5121: found /usr/bin/nm
configure:5132: result: nm
configure:5230: checking for python3
configure:5260: result: no
configure:5230: checking for python
configure:5246: found /usr/bin/python
configure:5257: result: python
configure:5336: checking LD_LIBRARY_PATH variable
configure:5346: result: ok
configure:5357: checking for bash
configure:5375: found /bin/bash
configure:5388: result: /bin/bash
configure:5399: checking for perl
configure:5417: found /usr/bin/perl
configure:5430: result: /usr/bin/perl
configure:5444: checking for install-info
configure:5463: found /usr/bin/install-info
configure:5476: result: /usr/bin/install-info
configure:5488: checking for bison
configure:5504: found /usr/bin/bison
configure:5515: result: bison
configure:5530: checking version of bison
configure:5540: result: 3.0.4, ok
configure:5548: checking for .set assembler directive
configure:5574: result: yes
configure:5581: checking linker support for protected data symbol
configure:5591: gcc -nostdlib -nostartfiles -fno-stack-protector -fPIC -shared conftest.c -o conftest.so
configure:5594: $? = 0
configure:5601: gcc -nostdlib -nostartfiles -fno-stack-protector conftest.c -o conftest conftest.so
/usr/lib64/gcc/x86_64-vlocity-linux/6.1.0/../../../../x86_64-vlocity-linux/bin/ld: warning: cannot find entry symbol _start; defaulting to 0000000000400308
configure:5604: $? = 0
configure:5612: result: yes
configure:5616: checking for broken __attribute__((alias()))
configure:5631: gcc -Werror -S conftest.c -o conftest.s 1>&5
configure:5634: $? = 0
configure:5644: result: no
configure:5650: checking whether to put _rtld_local into .sdata section
configure:5664: result: no
configure:5671: checking whether to use .ctors/.dtors header and trailer
configure:5688: gcc -g -O3 -fPIC   -fno-stack-protector -o conftest
		       conftest.c -static -nostartfiles -nostdlib
		       1>&5
configure:5691: $? = 0
configure:5717: result: no
configure:5724: checking for libunwind-support in compiler
configure:5741: result: no
configure:5750: checking whether --noexecstack is desirable for .S files
configure:5760: gcc -g -O3 -fPIC 
		   -S -o conftest.s conftest.c 1>&5
configure:5763: $? = 0
configure:5768: gcc  -Wa,--noexecstack
		      -c -o conftest.o conftest.s 1>&5
configure:5771: $? = 0
configure:5780: result: yes
configure:5787: checking for -z combreloc
configure:5801: gcc -g -O3 -fPIC  
			-fPIC -shared -fno-stack-protector -o conftest.so conftest.c
			-nostdlib -nostartfiles
			-Wl,-z,combreloc 1>&5
configure:5804: $? = 0
configure:5817: result: yes
configure:5825: checking for linker that supports -z execstack
configure:5838: gcc -g -O3 -fPIC   -fno-stack-protector
				-Wl,-z,execstack -nostdlib -nostartfiles
				-fPIC -shared -o conftest.so conftest.c
				1>&5
configure:5841: $? = 0
configure:5854: result: yes
configure:5858: checking for -fpie
configure:5864: gcc -fpie -xc /dev/null -S -o /dev/null
configure:5867: $? = 0
configure:5875: result: yes
configure:5880: checking for --hash-style option
configure:5891: gcc -g -O3 -fPIC   -fno-stack-protector
			    -fPIC -shared -o conftest.so conftest.c
			    -Wl,--hash-style=both -nostdlib 1>&5
configure:5894: $? = 0
configure:5903: result: yes
configure:5911: checking for sufficient default -shared layout
configure:5930:   gcc  -shared -o conftest.so conftest.s 1>&5
configure:5933: $? = 0
nono from:

HASH .hash
DYNSYM .dynsym
STRTAB .dynstr
VERSYM .gnu.version
VERNEED .gnu.version_r
RELA .rela.dyn
PROGBITS .init
PROGBITS .plt
PROGBITS .plt.got
PROGBITS .text
PROGBITS .fini
NOTE .note.a
NOTE .note.b
PROGBITS .eh_frame
INIT_ARRAY .init_array
FINI_ARRAY .fini_array
PROGBITS .jcr
DYNAMIC .dynamic
PROGBITS .got
PROGBITS .got.plt
PROGBITS .data
NOBITS .bss
PROGBITS .comment
PROGBITS .debug_aranges
PROGBITS .debug_info
PROGBITS .debug_abbrev
PROGBITS .debug_line
PROGBITS .debug_ranges
STRTAB .shstrtab
SYMTAB .symtab
STRTAB .strtab
configure:5965: result: no
configure:5970: checking for GLOB_DAT reloc
configure:5983: gcc -g -O3 -fPIC  
			-fPIC -shared -o conftest.so conftest.c
			-nostdlib -nostartfiles -fno-stack-protector
			1>&5
configure:5986: $? = 0
configure:5999: result: yes
configure:6003: checking linker output format
configure:6017: result: elf64-x86-64
configure:6021: checking for -fno-toplevel-reorder -fno-section-anchors
configure:6031: gcc -g -O3 -fPIC  -S -fno-toplevel-reorder -fno-section-anchors
			    conftest.c 1>&5
configure:6034: $? = 0
configure:6043: result: yes
configure:6052: checking for -mtls-dialect=gnu2
configure:6066: gcc -g -O3 -fPIC  -S -fPIC -mtls-dialect=gnu2
		   conftest.c 1>&5
configure:6069: $? = 0
configure:6078: result: yes
configure:6084: checking whether cc puts quotes around section names
configure:6105: result: no
configure:6112: checking for __builtin_memset
configure:6124: gcc -O3 -S conftest.c -o - | fgrep memset > /dev/null
configure:6127: $? = 1
configure:6136: result: yes
configure:6143: checking for redirection of built-in functions
configure:6156: gcc -O3 -S conftest.c -o - | fgrep my_strstr > /dev/null
configure:6159: $? = 0
configure:6168: result: yes
configure:6174: checking for compiler option to disable generation of FMA instructions
configure:6182: gcc -ffp-contract=off -xc /dev/null -S -o /dev/null
configure:6185: $? = 0
configure:6191: result: -ffp-contract=off
configure:6224: checking if gcc accepts -fno-tree-loop-distribute-patterns with __attribute__ ((__optimize__))
configure:6237: gcc -g -O3 -fPIC  -c conftest.c
configure:6240: $? = 0
configure:6247: result: yes
configure:6255: checking for libgd
configure:6275: gcc -o conftest -g -O3 -fPIC     conftest.c  -lgd -lpng -lz -lm >&5
/usr/lib64/gcc/x86_64-vlocity-linux/6.1.0/../../../../x86_64-vlocity-linux/bin/ld: warning: libvpx.so.1, needed by /usr/lib64/gcc/x86_64-vlocity-linux/6.1.0/../../../../lib64/libgd.so, not found (try using -rpath or -rpath-link)
/usr/lib64/gcc/x86_64-vlocity-linux/6.1.0/../../../../x86_64-vlocity-linux/bin/ld: warning: libjpeg.so.62, needed by /usr/lib64/gcc/x86_64-vlocity-linux/6.1.0/../../../../lib64/libgd.so, not found (try using -rpath or -rpath-link)
/usr/lib64/gcc/x86_64-vlocity-linux/6.1.0/../../../../lib64/libgd.so: undefined reference to `jpeg_destroy_decompress@LIBJPEG_6.2'
/usr/lib64/libtiff.so.5: undefined reference to `jpeg_write_raw_data@LIBJPEG_6.2'
/usr/lib64/gcc/x86_64-vlocity-linux/6.1.0/../../../../lib64/libgd.so: undefined reference to `jpeg_CreateCompress@LIBJPEG_6.2'
/usr/lib64/gcc/x86_64-vlocity-linux/6.1.0/../../../../lib64/libgd.so: undefined reference to `jpeg_read_header@LIBJPEG_6.2'
/usr/lib64/libtiff.so.5: undefined reference to `jpeg_suppress_tables@LIBJPEG_6.2'
/usr/lib64/gcc/x86_64-vlocity-linux/6.1.0/../../../../lib64/libgd.so: undefined reference to `vpx_codec_enc_config_default'
/usr/lib64/gcc/x86_64-vlocity-linux/6.1.0/../../../../lib64/libgd.so: undefined reference to `vpx_codec_vp8_dx_algo'
/usr/lib64/gcc/x86_64-vlocity-linux/6.1.0/../../../../lib64/libgd.so: undefined reference to `vpx_codec_dec_init_ver'
/usr/lib64/gcc/x86_64-vlocity-linux/6.1.0/../../../../lib64/libgd.so: undefined reference to `vpx_codec_get_cx_data'
/usr/lib64/gcc/x86_64-vlocity-linux/6.1.0/../../../../lib64/libgd.so: undefined reference to `vpx_codec_control_'
/usr/lib64/gcc/x86_64-vlocity-linux/6.1.0/../../../../lib64/libgd.so: undefined reference to `jpeg_read_scanlines@LIBJPEG_6.2'
/usr/lib64/gcc/x86_64-vlocity-linux/6.1.0/../../../../lib64/libgd.so: undefined reference to `jpeg_start_compress@LIBJPEG_6.2'
/usr/lib64/gcc/x86_64-vlocity-linux/6.1.0/../../../../lib64/libgd.so: undefined reference to `vpx_codec_enc_init_ver'
/usr/lib64/gcc/x86_64-vlocity-linux/6.1.0/../../../../lib64/libgd.so: undefined reference to `jpeg_destroy_compress@LIBJPEG_6.2'
/usr/lib64/gcc/x86_64-vlocity-linux/6.1.0/../../../../lib64/libgd.so: undefined reference to `jpeg_set_quality@LIBJPEG_6.2'
/usr/lib64/gcc/x86_64-vlocity-linux/6.1.0/../../../../lib64/libgd.so: undefined reference to `jpeg_finish_decompress@LIBJPEG_6.2'
/usr/lib64/gcc/x86_64-vlocity-linux/6.1.0/../../../../lib64/libgd.so: undefined reference to `jpeg_set_defaults@LIBJPEG_6.2'
/usr/lib64/gcc/x86_64-vlocity-linux/6.1.0/../../../../lib64/libgd.so: undefined reference to `jpeg_write_marker@LIBJPEG_6.2'
/usr/lib64/gcc/x86_64-vlocity-linux/6.1.0/../../../../lib64/libgd.so: undefined reference to `jpeg_start_decompress@LIBJPEG_6.2'
/usr/lib64/gcc/x86_64-vlocity-linux/6.1.0/../../../../lib64/libgd.so: undefined reference to `vpx_codec_destroy'
/usr/lib64/gcc/x86_64-vlocity-linux/6.1.0/../../../../lib64/libgd.so: undefined reference to `vpx_codec_get_frame'
/usr/lib64/gcc/x86_64-vlocity-linux/6.1.0/../../../../lib64/libgd.so: undefined reference to `jpeg_destroy@LIBJPEG_6.2'
/usr/lib64/gcc/x86_64-vlocity-linux/6.1.0/../../../../lib64/libgd.so: undefined reference to `jpeg_resync_to_restart@LIBJPEG_6.2'
/usr/lib64/libtiff.so.5: undefined reference to `jpeg_abort@LIBJPEG_6.2'
/usr/lib64/gcc/x86_64-vlocity-linux/6.1.0/../../../../lib64/libgd.so: undefined reference to `jpeg_simple_progression@LIBJPEG_6.2'
/usr/lib64/libtiff.so.5: undefined reference to `jpeg_read_raw_data@LIBJPEG_6.2'
/usr/lib64/gcc/x86_64-vlocity-linux/6.1.0/../../../../lib64/libgd.so: undefined reference to `jpeg_write_scanlines@LIBJPEG_6.2'
/usr/lib64/gcc/x86_64-vlocity-linux/6.1.0/../../../../lib64/libgd.so: undefined reference to `vpx_img_wrap'
/usr/lib64/libtiff.so.5: undefined reference to `jpeg_set_colorspace@LIBJPEG_6.2'
/usr/lib64/gcc/x86_64-vlocity-linux/6.1.0/../../../../lib64/libgd.so: undefined reference to `vpx_codec_encode'
/usr/lib64/gcc/x86_64-vlocity-linux/6.1.0/../../../../lib64/libgd.so: undefined reference to `jpeg_save_markers@LIBJPEG_6.2'
/usr/lib64/gcc/x86_64-vlocity-linux/6.1.0/../../../../lib64/libgd.so: undefined reference to `jpeg_CreateDecompress@LIBJPEG_6.2'
/usr/lib64/gcc/x86_64-vlocity-linux/6.1.0/../../../../lib64/libgd.so: undefined reference to `jpeg_std_error@LIBJPEG_6.2'
/usr/lib64/gcc/x86_64-vlocity-linux/6.1.0/../../../../lib64/libgd.so: undefined reference to `jpeg_finish_compress@LIBJPEG_6.2'
/usr/lib64/libtiff.so.5: undefined reference to `jpeg_write_tables@LIBJPEG_6.2'
/usr/lib64/gcc/x86_64-vlocity-linux/6.1.0/../../../../lib64/libgd.so: undefined reference to `vpx_codec_vp8_cx_algo'
/usr/lib64/gcc/x86_64-vlocity-linux/6.1.0/../../../../lib64/libgd.so: undefined reference to `vpx_codec_decode'
collect2: error: ld returned 1 exit status
configure:6275: $? = 1
configure: failed program was:
| /* confdefs.h */
| #define PACKAGE_NAME "GNU C Library"
| #define PACKAGE_TARNAME "glibc"
| #define PACKAGE_VERSION "(see version.h)"
| #define PACKAGE_STRING "GNU C Library (see version.h)"
| #define PACKAGE_BUGREPORT "http://sourceware.org/bugzilla/"
| #define PACKAGE_URL "http://www.gnu.org/software/glibc/"
| #define PKGVERSION "(GNU libc) "
| #define REPORT_BUGS_TO "<http://www.gnu.org/software/libc/bugs.html>"
| #define LINK_OBSOLETE_RPC 1
| #define HAVE_LIBIDN 1
| #define HAVE_CC_NO_STACK_PROTECTOR 1
| #define STACK_PROTECTOR_LEVEL 0
| #define USE_MULTIARCH 1
| #define HAVE_ASM_SET_DIRECTIVE 1
| #define NO_CTORS_DTORS_SECTIONS 1
| #define HAVE_Z_COMBRELOC 1
| #define HAVE_BUILTIN_MEMSET 1
| #define HAVE_CC_INHIBIT_LOOP_TO_LIBCALL 1
| /* end confdefs.h.  */
| #include <gd.h>
| int
| main ()
| {
| gdImagePng (0, 0)
|   ;
|   return 0;
| }
configure:6288: result: no
configure:6297: checking for is_selinux_enabled in -lselinux
configure:6322: gcc -o conftest -g -O3 -fPIC   conftest.c -lselinux   >&5
/usr/lib64/gcc/x86_64-vlocity-linux/6.1.0/../../../../x86_64-vlocity-linux/bin/ld: cannot find -lselinux
collect2: error: ld returned 1 exit status
configure:6322: $? = 1
configure: failed program was:
| /* confdefs.h */
| #define PACKAGE_NAME "GNU C Library"
| #define PACKAGE_TARNAME "glibc"
| #define PACKAGE_VERSION "(see version.h)"
| #define PACKAGE_STRING "GNU C Library (see version.h)"
| #define PACKAGE_BUGREPORT "http://sourceware.org/bugzilla/"
| #define PACKAGE_URL "http://www.gnu.org/software/glibc/"
| #define PKGVERSION "(GNU libc) "
| #define REPORT_BUGS_TO "<http://www.gnu.org/software/libc/bugs.html>"
| #define LINK_OBSOLETE_RPC 1
| #define HAVE_LIBIDN 1
| #define HAVE_CC_NO_STACK_PROTECTOR 1
| #define STACK_PROTECTOR_LEVEL 0
| #define USE_MULTIARCH 1
| #define HAVE_ASM_SET_DIRECTIVE 1
| #define NO_CTORS_DTORS_SECTIONS 1
| #define HAVE_Z_COMBRELOC 1
| #define HAVE_BUILTIN_MEMSET 1
| #define HAVE_CC_INHIBIT_LOOP_TO_LIBCALL 1
| /* end confdefs.h.  */
| 
| /* Override any GCC internal prototype to avoid an error.
|    Use char because int might match the return type of a GCC
|    builtin and then its argument prototype would still apply.  */
| #ifdef __cplusplus
| extern "C"
| #endif
| char is_selinux_enabled ();
| int
| main ()
| {
| return is_selinux_enabled ();
|   ;
|   return 0;
| }
configure:6331: result: no
configure:6454: checking for _FORTIFY_SOURCE predefine
configure:6473: gcc -c -g -O3 -fPIC  conftest.c >&5
configure:6473: $? = 0
configure:6480: result: no
configure:6490: checking whether the linker provides working __ehdr_start
configure:6513: gcc -o conftest -g -O3 -fPIC -fPIC   -nostdlib -nostartfiles -shared -fno-stack-protector conftest.c  >&5
configure:6513: $? = 0
configure:6529: result: yes
configure:6539: checking for __builtin_trap with no external dependencies
configure:6556: gcc -c -g -O3 -fPIC  conftest.c >&5
configure:6556: $? = 0
libc_undefs=''
configure:6570: result: yes
configure:6584: checking whether the C++ compiler supports thread_local
configure:6612: g++ -c  -std=gnu++11  conftest.cpp >&5
configure:6612: $? = 0
configure:6621: result: yes
configure:6651: result: running configure fragment for sysdeps/unix/sysv/linux/x86_64/64
configure:6651: result: running configure fragment for sysdeps/unix/sysv/linux/x86_64
configure:6651: result: running configure fragment for sysdeps/unix/sysv/linux
configure:9: checking installed Linux kernel header files
configure:28: gcc -c -g -O3 -fPIC  -nostdinc -isystem /usr/lib64/gcc/x86_64-vlocity-linux/6.1.0/include -isystem /usr/lib64/gcc/x86_64-vlocity-linux/6.1.0/include-fixed -isystem /usr/include conftest.c >&5
configure:28: $? = 0
configure:35: result: 3.2.0 or later
configure:69: checking for kernel header at least 2.6.32
configure:87: gcc -c -g -O3 -fPIC  -nostdinc -isystem /usr/lib64/gcc/x86_64-vlocity-linux/6.1.0/include -isystem /usr/lib64/gcc/x86_64-vlocity-linux/6.1.0/include-fixed -isystem /usr/include conftest.c >&5
configure:87: $? = 0
configure:93: result: ok
configure:142: checking for symlinks in /usr/include
configure:159: result: ok
configure:6651: result: running configure fragment for sysdeps/gnu
configure:6651: result: running configure fragment for sysdeps/x86_64
configure:8: checking for /usr/lib64/gcc/x86_64-vlocity-linux/6.1.0/../../../../x86_64-vlocity-linux/bin/as
configure:35: result: /usr/lib64/gcc/x86_64-vlocity-linux/6.1.0/../../../../x86_64-vlocity-linux/bin/as
configure:50: checking version of /usr/lib64/gcc/x86_64-vlocity-linux/6.1.0/../../../../x86_64-vlocity-linux/bin/as
configure:60: result: 2.26.20160125, ok
configure:68: checking for AVX512DQ support in assembler
configure:77: gcc -c  conftest.s 1>&5
configure:80: $? = 0
configure:88: result: yes
configure:95: checking for AVX512 support
configure:101: gcc -mavx512f -xc /dev/null -S -o /dev/null
configure:104: $? = 0
configure:112: result: yes
configure:121: checking for Intel MPX support
configure:130: gcc -c  conftest.s 1>&5
configure:133: $? = 0
configure:141: result: yes
configure:6712: checking whether -fPIC is default
configure:6728: result: no
configure:6732: checking whether -fPIE is default
configure:6748: result: no
configure:6882: creating ./config.status

## ---------------------- ##
## Running config.status. ##
## ---------------------- ##

This file was extended by GNU C Library config.status (see version.h), which was
generated by GNU Autoconf 2.69.  Invocation command line was

  CONFIG_FILES    = 
  CONFIG_HEADERS  = 
  CONFIG_LINKS    = 
  CONFIG_COMMANDS = 
  $ ./config.status 

on a2369602b19d

config.status:945: creating config.make
config.status:945: creating Makefile
config.status:945: creating config.h
config.status:1119: executing default commands

## ---------------- ##
## Cache variables. ##
## ---------------- ##

ac_cv_build=x86_64-slackware-linux-gnu
ac_cv_c_compiler_gnu=yes
ac_cv_cxx_compiler_gnu=yes
ac_cv_env_CCC_set=
ac_cv_env_CCC_value=
ac_cv_env_CC_set=
ac_cv_env_CC_value=
ac_cv_env_CFLAGS_set=set
ac_cv_env_CFLAGS_value='-g -O3 -fPIC'
ac_cv_env_CPPFLAGS_set=
ac_cv_env_CPPFLAGS_value=
ac_cv_env_CPP_set=
ac_cv_env_CPP_value=
ac_cv_env_CXXFLAGS_set=set
ac_cv_env_CXXFLAGS_value=
ac_cv_env_CXX_set=
ac_cv_env_CXX_value=
ac_cv_env_LDFLAGS_set=
ac_cv_env_LDFLAGS_value=
ac_cv_env_LIBS_set=
ac_cv_env_LIBS_value=
ac_cv_env_build_alias_set=set
ac_cv_env_build_alias_value=x86_64-slackware-linux
ac_cv_env_host_alias_set=set
ac_cv_env_host_alias_value=x86_64-slackware-linux
ac_cv_env_target_alias_set=set
ac_cv_env_target_alias_value=x86_64-slackware-linux
ac_cv_host=x86_64-slackware-linux-gnu
ac_cv_lib_selinux_is_selinux_enabled=no
ac_cv_objext=o
ac_cv_path_BASH_SHELL=/bin/bash
ac_cv_path_INSTALL_INFO=/usr/bin/install-info
ac_cv_path_PERL=/usr/bin/perl
ac_cv_path_install='/bin/ginstall -c'
ac_cv_prog_AS=/usr/lib64/gcc/x86_64-vlocity-linux/6.1.0/../../../../x86_64-vlocity-linux/bin/as
ac_cv_prog_AWK=gawk
ac_cv_prog_BISON=bison
ac_cv_prog_LD=/usr/lib64/gcc/x86_64-vlocity-linux/6.1.0/../../../../x86_64-vlocity-linux/bin/ld
ac_cv_prog_MAKE=make
ac_cv_prog_MAKEINFO=makeinfo
ac_cv_prog_MSGFMT=msgfmt
ac_cv_prog_PYTHON_PROG=python
ac_cv_prog_SED=sed
ac_cv_prog_ac_ct_CC=gcc
ac_cv_prog_ac_ct_CXX=g++
ac_cv_prog_ac_ct_NM=nm
ac_cv_prog_ac_ct_READELF=readelf
ac_cv_prog_cc_g=yes
ac_cv_prog_cxx_g=yes
libc_cv_as_noexecstack=yes
libc_cv_asm_avx512dq=yes
libc_cv_asm_mpx=yes
libc_cv_asm_set_directive=yes
libc_cv_broken_alias_attribute=no
libc_cv_builtin_trap=yes
libc_cv_cc_avx512=yes
libc_cv_cc_loop_to_function=yes
libc_cv_cc_nofma=-ffp-contract=off
libc_cv_cc_with_libunwind=no
libc_cv_compiler_ok=yes
libc_cv_ctors_header=no
libc_cv_cxx_link_ok=yes
libc_cv_cxx_thread_local=yes
libc_cv_ehdr_start=yes
libc_cv_fno_toplevel_reorder=yes
libc_cv_fpie=yes
libc_cv_gcc_builtin_memset=yes
libc_cv_gcc_builtin_redirection=yes
libc_cv_gcc_indirect_function=yes
libc_cv_gcc_unwind_find_fde=no
libc_cv_has_glob_dat=yes
libc_cv_hashstyle=yes
libc_cv_have_sdata_section=no
libc_cv_have_section_quotes=no
libc_cv_idn=no
libc_cv_ld_gnu_indirect_function=yes
libc_cv_linux320='3.2.0 or later'
libc_cv_localstatedir=/var
libc_cv_mtls_dialect_gnu2=yes
libc_cv_nss_crypt=no
libc_cv_output_format=elf64-x86-64
libc_cv_pic_default=no
libc_cv_pie_default=no
libc_cv_predef_fortify_source=no
libc_cv_prog_as_gnu=yes
libc_cv_prog_ld_gnu=yes
libc_cv_protected_data=yes
libc_cv_rootsbindir=/sbin
libc_cv_rtlddir=/lib64
libc_cv_slibdir=/lib64
libc_cv_ssp=yes
libc_cv_ssp_all=yes
libc_cv_ssp_strong=yes
libc_cv_static_nss_crypt=no
libc_cv_sysconfdir=/etc
libc_cv_use_default_link=no
libc_cv_x32=no
libc_cv_z_combreloc=yes
libc_cv_z_execstack=yes

## ----------------- ##
## Output variables. ##
## ----------------- ##

AR='/usr/lib64/gcc/x86_64-vlocity-linux/6.1.0/../../../../x86_64-vlocity-linux/bin/ar'
AS='/usr/lib64/gcc/x86_64-vlocity-linux/6.1.0/../../../../x86_64-vlocity-linux/bin/as'
ASFLAGS_config=' -Wa,--noexecstack'
AUTOCONF='no'
AWK='gawk'
BASH_SHELL='/bin/bash'
BISON='bison'
BUILD_CC=''
CC='gcc'
CFLAGS='-g -O3 -fPIC'
CPP='gcc -E'
CPPFLAGS=''
CPPUNDEFS=''
CXX='g++'
CXXFLAGS=''
CXX_CMATH_HEADER='/usr/include/c++/6.1.0/cmath'
CXX_CSTDLIB_HEADER='/usr/include/c++/6.1.0/cstdlib'
CXX_SYSINCLUDES=' -isystem /usr/lib64/gcc/x86_64-vlocity-linux/6.1.0/../../../../include/c++/6.1.0 -isystem /usr/lib64/gcc/x86_64-vlocity-linux/6.1.0/../../../../include/c++/6.1.0/x86_64-vlocity-linux -isystem /usr/lib64/gcc/x86_64-vlocity-linux/6.1.0/../../../../include/c++/6.1.0/backward'
DEFINES=''
DEFS='-DHAVE_CONFIG_H'
ECHO_C=''
ECHO_N='-n'
ECHO_T=''
INSTALL_DATA='${INSTALL} -m 644'
INSTALL_INFO='/usr/bin/install-info'
INSTALL_PROGRAM='${INSTALL}'
INSTALL_SCRIPT='${INSTALL}'
LD='/usr/lib64/gcc/x86_64-vlocity-linux/6.1.0/../../../../x86_64-vlocity-linux/bin/ld'
LDFLAGS=''
LIBGD='no'
LIBOBJS=''
LIBS=''
LN_S='ln -s'
LTLIBOBJS=''
MAKE='make'
MAKEINFO='makeinfo'
MSGFMT='msgfmt'
NM='nm'
OBJCOPY='/usr/lib64/gcc/x86_64-vlocity-linux/6.1.0/../../../../x86_64-vlocity-linux/bin/objcopy'
OBJDUMP='/usr/lib64/gcc/x86_64-vlocity-linux/6.1.0/../../../../x86_64-vlocity-linux/bin/objdump'
OBJEXT='o'
PACKAGE_BUGREPORT='http://sourceware.org/bugzilla/'
PACKAGE_NAME='GNU C Library'
PACKAGE_STRING='GNU C Library (see version.h)'
PACKAGE_TARNAME='glibc'
PACKAGE_URL='http://www.gnu.org/software/glibc/'
PACKAGE_VERSION='(see version.h)'
PATH_SEPARATOR=':'
PERL='/usr/bin/perl'
PKGVERSION='(GNU libc) '
PKGVERSION_TEXI='(GNU libc) '
PYTHON='python -B'
PYTHON_PROG='python'
READELF='readelf'
RELEASE='stable'
REPORT_BUGS_TEXI='@uref{http://www.gnu.org/software/libc/bugs.html}'
REPORT_BUGS_TO='<http://www.gnu.org/software/libc/bugs.html>'
SED='sed'
SHELL='/bin/sh'
SYSINCLUDES='-nostdinc -isystem /usr/lib64/gcc/x86_64-vlocity-linux/6.1.0/include -isystem /usr/lib64/gcc/x86_64-vlocity-linux/6.1.0/include-fixed -isystem /usr/include'
VERSION='2.25'
ac_ct_CC='gcc'
ac_ct_CXX='g++'
add_on_subdirs=' libidn'
add_ons='libidn'
all_warnings=''
base_machine='x86_64'
bindir='${exec_prefix}/bin'
bindnow='no'
build='x86_64-slackware-linux-gnu'
build_alias='x86_64-slackware-linux'
build_cpu='x86_64'
build_nscd='yes'
build_os='linux-gnu'
build_pt_chown='no'
build_vendor='slackware'
cross_compiling='no'
datadir='${datarootdir}'
datarootdir='${prefix}/share'
docdir='${datarootdir}/doc/${PACKAGE_TARNAME}'
dvidir='${docdir}'
enable_lock_elision='no'
enable_timezone_tools='yes'
enable_werror='yes'
exec_prefix='${prefix}'
fno_unit_at_a_time='-fno-toplevel-reorder -fno-section-anchors'
force_install='yes'
hardcoded_path_in_tests='no'
have_libaudit=''
have_libcap=''
have_selinux='no'
have_tunables='no'
host='x86_64-slackware-linux-gnu'
host_alias='x86_64-slackware-linux'
host_cpu='x86_64'
host_os='linux-gnu'
host_vendor='slackware'
htmldir='${docdir}'
includedir='${prefix}/include'
infodir='/usr/info'
ldd_rewrite_script='sysdeps/unix/sysv/linux/x86_64/ldd-rewrite.sed'
libc_cv_cc_loop_to_function='yes'
libc_cv_cc_nofma='-ffp-contract=off'
libc_cv_cc_submachine=''
libc_cv_cc_with_libunwind='no'
libc_cv_complocaledir=''
libc_cv_cxx_thread_local='yes'
libc_cv_fpie='yes'
libc_cv_gcc_unwind_find_fde='no'
libc_cv_has_glob_dat='yes'
libc_cv_hashstyle='yes'
libc_cv_localstatedir='/var'
libc_cv_mtls_dialect_gnu2='yes'
libc_cv_nss_crypt='no'
libc_cv_output_format='elf64-x86-64'
libc_cv_pic_default='no'
libc_cv_pie_default='no'
libc_cv_protected_data='yes'
libc_cv_rootsbindir='/sbin'
libc_cv_rtlddir='/lib64'
libc_cv_slibdir='/lib64'
libc_cv_ssp='yes'
libc_cv_static_nss_crypt='no'
libc_cv_sysconfdir='/etc'
libc_cv_z_combreloc='yes'
libc_cv_z_execstack='yes'
libc_extra_cflags=''
libc_extra_cppflags=''
libdir='/usr/lib64'
libexecdir='${exec_prefix}/libexec'
link_obsolete_rpc='yes'
localedir='${datarootdir}/locale'
localstatedir='${prefix}/var'
mach_interface_list=''
mandir='/usr/man'
multi_arch='default'
no_stack_protector='-fno-stack-protector -DSTACK_PROTECTOR_LEVEL=0'
oldincludedir='/usr/include'
pdfdir='${docdir}'
prefix='/usr'
profile='yes'
program_transform_name='s,x,x,'
psdir='${docdir}'
sbindir='${exec_prefix}/sbin'
shared='yes'
sharedstatedir='${prefix}/com'
stack_protector='-fno-stack-protector'
static=''
static_nss='no'
subdirs='  '
submachine=''
sysconfdir='${prefix}/etc'
sysdeps_add_ons=''
sysheaders='/usr/include'
sysnames=' sysdeps/unix/sysv/linux/x86_64/64 sysdeps/unix/sysv/linux/x86_64 sysdeps/unix/sysv/linux/x86 sysdeps/unix/sysv/linux/wordsize-64 sysdeps/x86_64/nptl sysdeps/unix/sysv/linux sysdeps/nptl sysdeps/pthread sysdeps/gnu sysdeps/unix/inet sysdeps/unix/sysv sysdeps/unix/x86_64 sysdeps/unix sysdeps/posix sysdeps/x86_64/64 sysdeps/x86_64/fpu/multiarch sysdeps/x86_64/fpu sysdeps/x86/fpu sysdeps/x86_64/multiarch sysdeps/x86_64 sysdeps/x86 sysdeps/ieee754/ldbl-96 sysdeps/ieee754/dbl-64/wordsize-64 sysdeps/ieee754/dbl-64 sysdeps/ieee754/flt-32 sysdeps/wordsize-64 sysdeps/ieee754 sysdeps/generic'
target_alias='x86_64-slackware-linux'
use_default_link='no'
use_ldconfig='yes'
use_nscd='yes'
with_fp='yes'

## ----------- ##
## confdefs.h. ##
## ----------- ##

/* confdefs.h */
#define PACKAGE_NAME "GNU C Library"
#define PACKAGE_TARNAME "glibc"
#define PACKAGE_VERSION "(see version.h)"
#define PACKAGE_STRING "GNU C Library (see version.h)"
#define PACKAGE_BUGREPORT "http://sourceware.org/bugzilla/"
#define PACKAGE_URL "http://www.gnu.org/software/glibc/"
#define PKGVERSION "(GNU libc) "
#define REPORT_BUGS_TO "<http://www.gnu.org/software/libc/bugs.html>"
#define LINK_OBSOLETE_RPC 1
#define HAVE_LIBIDN 1
#define HAVE_CC_NO_STACK_PROTECTOR 1
#define STACK_PROTECTOR_LEVEL 0
#define USE_MULTIARCH 1
#define HAVE_ASM_SET_DIRECTIVE 1
#define NO_CTORS_DTORS_SECTIONS 1
#define HAVE_Z_COMBRELOC 1
#define HAVE_BUILTIN_MEMSET 1
#define HAVE_CC_INHIBIT_LOOP_TO_LIBCALL 1
#define HAVE_EHDR_START 1
#define HAVE_BUILTIN_TRAP 1
#define __LINUX_KERNEL_VERSION (2 * 65536 + 6 * 256 + 32)
#define __ABI_TAG_VERSION 2,6,32
#define HAVE_INLINED_SYSCALLS 1
#define HAVE_AVX512DQ_ASM_SUPPORT 1
#define HAVE_AVX512_SUPPORT 1
#define HAVE_MPX_SUPPORT 1
#define PI_STATIC_AND_HIDDEN 1
#define HAVE_IFUNC 1
#define HAVE_GCC_IFUNC 1
#define USE_NSCD 1
#define USE_LDCONFIG 1

configure: exit 0
